nohup: ignoring input
collect similars s1 f100 c20 1{i} start: 20:22:38
collect similars s1 f100 c20 2{i} start: 20:24:34
collect similars s1 f100 c20 3{i} start: 20:24:36
collect similars s1 f100 c20 4{i} start: 20:24:37
org.apache.flink.client.program.ProgramInvocationException: The program execution failed: Job execution failed.
	at org.apache.flink.client.program.Client.run(Client.java:413)
	at org.apache.flink.client.program.Client.run(Client.java:356)
	at org.apache.flink.client.program.Client.run(Client.java:349)
	at org.apache.flink.client.program.ContextEnvironment.execute(ContextEnvironment.java:63)
	at org.apache.flink.api.java.ExecutionEnvironment.execute(ExecutionEnvironment.java:789)
	at org.apache.flink.api.scala.ExecutionEnvironment.execute(ExecutionEnvironment.scala:576)
	at org.apache.flink.api.scala.DataSet.collect(DataSet.scala:544)
	at de.hpi.fgis.willidennis.Main$.collectMovieStats(findsimilarNetflix.scala:147)
	at de.hpi.fgis.willidennis.Main$.run(findsimilarNetflix.scala:262)
	at de.hpi.fgis.willidennis.Main$.main(findsimilarNetflix.scala:226)
	at de.hpi.fgis.willidennis.Main.main(findsimilarNetflix.scala)
	at sun.reflect.NativeMethodAccessorImpl.invoke0(Native Method)
	at sun.reflect.NativeMethodAccessorImpl.invoke(NativeMethodAccessorImpl.java:57)
	at sun.reflect.DelegatingMethodAccessorImpl.invoke(DelegatingMethodAccessorImpl.java:43)
	at java.lang.reflect.Method.invoke(Method.java:606)
	at org.apache.flink.client.program.PackagedProgram.callMainMethod(PackagedProgram.java:437)
	at org.apache.flink.client.program.PackagedProgram.invokeInteractiveModeForExecution(PackagedProgram.java:353)
	at org.apache.flink.client.program.Client.run(Client.java:315)
	at org.apache.flink.client.CliFrontend.executeProgram(CliFrontend.java:584)
	at org.apache.flink.client.CliFrontend.run(CliFrontend.java:290)
	at org.apache.flink.client.CliFrontend.parseParameters(CliFrontend.java:880)
	at org.apache.flink.client.CliFrontend.main(CliFrontend.java:922)
Caused by: org.apache.flink.runtime.client.JobExecutionException: Job execution failed.
	at org.apache.flink.runtime.jobmanager.JobManager$$anonfun$receiveWithLogMessages$1.applyOrElse(JobManager.scala:314)
	at scala.runtime.AbstractPartialFunction$mcVL$sp.apply$mcVL$sp(AbstractPartialFunction.scala:33)
	at scala.runtime.AbstractPartialFunction$mcVL$sp.apply(AbstractPartialFunction.scala:33)
	at scala.runtime.AbstractPartialFunction$mcVL$sp.apply(AbstractPartialFunction.scala:25)
	at org.apache.flink.runtime.ActorLogMessages$$anon$1.apply(ActorLogMessages.scala:36)
	at org.apache.flink.runtime.ActorLogMessages$$anon$1.apply(ActorLogMessages.scala:29)
	at scala.PartialFunction$class.applyOrElse(PartialFunction.scala:118)
	at org.apache.flink.runtime.ActorLogMessages$$anon$1.applyOrElse(ActorLogMessages.scala:29)
	at akka.actor.Actor$class.aroundReceive(Actor.scala:465)
	at org.apache.flink.runtime.jobmanager.JobManager.aroundReceive(JobManager.scala:92)
	at akka.actor.ActorCell.receiveMessage(ActorCell.scala:516)
	at akka.actor.ActorCell.invoke(ActorCell.scala:487)
	at akka.dispatch.Mailbox.processMailbox(Mailbox.scala:254)
	at akka.dispatch.Mailbox.run(Mailbox.scala:221)
	at akka.dispatch.Mailbox.exec(Mailbox.scala:231)
	at scala.concurrent.forkjoin.ForkJoinTask.doExec(ForkJoinTask.java:260)
	at scala.concurrent.forkjoin.ForkJoinPool$WorkQueue.runTask(ForkJoinPool.java:1339)
	at scala.concurrent.forkjoin.ForkJoinPool.runWorker(ForkJoinPool.java:1979)
	at scala.concurrent.forkjoin.ForkJoinWorkerThread.run(ForkJoinWorkerThread.java:107)
Caused by: org.apache.flink.runtime.jobmanager.scheduler.NoResourceAvailableException: Not enough free slots available to run the job. You can decrease the operator parallelism or increase the number of slots per TaskManager in the configuration. Task to schedule: < Attempt #0 (CHAIN DataSource (at de.hpi.fgis.willidennis.Main$$anonfun$parseFiles$1.apply$mcVI$sp(findsimilarNetflix.scala:122) (org.apache.flink.api.java.io.TextInputFormat)) -> Map (Map at de.hpi.fgis.willidennis.Main$$anonfun$parseFiles$1.apply$mcVI$sp(findsimilarNetflix.scala:124)) (1/20)) @ (unassigned) - [SCHEDULED] > with groupID < d664b8e1c46ddd748705de4cdb9ec25a > in sharing group < SlotSharingGroup [d664b8e1c46ddd748705de4cdb9ec25a, 8f72c9031adea785b18bf15c614dc256, 857a7287077bfde8fedd64a4d2b7679b, 478d6672ec5469ee1acb0eedec89cdd9] >. Resources available to scheduler: Number of instances=10, total number of slots=20, available slots=0
	at org.apache.flink.runtime.jobmanager.scheduler.Scheduler.scheduleTask(Scheduler.java:251)
	at org.apache.flink.runtime.jobmanager.scheduler.Scheduler.scheduleImmediately(Scheduler.java:126)
	at org.apache.flink.runtime.executiongraph.Execution.scheduleForExecution(Execution.java:271)
	at org.apache.flink.runtime.executiongraph.ExecutionVertex.scheduleForExecution(ExecutionVertex.java:430)
	at org.apache.flink.runtime.executiongraph.ExecutionJobVertex.scheduleAll(ExecutionJobVertex.java:307)
	at org.apache.flink.runtime.executiongraph.ExecutionGraph.scheduleForExecution(ExecutionGraph.java:508)
	at org.apache.flink.runtime.jobmanager.JobManager.org$apache$flink$runtime$jobmanager$JobManager$$submitJob(JobManager.scala:606)
	at org.apache.flink.runtime.jobmanager.JobManager$$anonfun$receiveWithLogMessages$1.applyOrElse(JobManager.scala:190)
	... 18 more

The exception above occurred while trying to run your command.
collect similars s1 f100 c10 1{i} start: 20:24:43
nohup: ignoring input
collect similars s1 f100 c20 i1 start: 20:27:51
#### time: 322846
collect similars s1 f100 c20 i2 start: 20:33:16
#### time: 300994
collect similars s1 f100 c20 i3 start: 20:38:19
#### time: 309999
collect similars s1 f100 c20 i4 start: 20:43:32
#### time: 315277
collect similars s1 f100 c10 i1 start: 20:48:49
#### time: 561449
collect similars s1 f100 c10 i2 start: 20:58:13
#### time: 558645
collect similars s1 f100 c10 i3 start: 21:07:34
#### time: 563150
collect similars s1 f100 c10 i4 start: 21:16:59
#### time: 564494
collect similars s1 f100 c4 i1 start: 21:26:26
#### time: 1314300
collect similars s1 f100 c4 i2 start: 21:48:22
#### time: 1255524
collect similars s1 f100 c4 i3 start: 22:09:20
#### time: 1311450
collect similars s1 f100 c4 i4 start: 22:31:14
#### time: 1335683
collect similars s1 f100 c2 i1 start: 22:53:32
#### time: 2602592
collect similars s1 f100 c2 i2 start: 23:36:57
#### time: 2499213
collect similars s1 f100 c2 i3 start: 00:18:38
#### time: 2698053
collect similars s1 f100 c2 i4 start: 01:03:38
#### time: 2604131
collect similars s1 f100 c1 i1 start: 01:47:05
#### time: 3093091
collect similars s1 f100 c1 i2 start: 02:38:40
#### time: 3327049
collect similars s1 f100 c1 i3 start: 03:34:09
#### time: 3227222
collect similars s1 f100 c1 i4 start: 04:27:59
#### time: 3191900
